15:52:26.714 [main] INFO  testCase.TC_01_Registration - ********Lauching URL********
15:52:27.584 [main] INFO  testCase.TC_01_Registration - *********Maximize window********
15:52:27.619 [main] INFO  testCase.TC_01_Registration - *********implicit applied********
15:52:28.519 [main] INFO  testCase.TC_01_Registration - *********application logs********
15:52:28.520 [main] INFO  testCase.TC_01_Registration - *********Clicking on my account********
17:06:37.629 [main] INFO  testCase.TC_01_Registration - ********Lauching URL********
17:06:37.767 [main] INFO  testCase.TC_01_Registration - *********Maximize window********
17:06:37.798 [main] INFO  testCase.TC_01_Registration - *********implicit applied********
17:06:37.970 [main] INFO  testCase.TC_01_Registration - *********application logs********
17:06:37.971 [main] INFO  testCase.TC_01_Registration - *********Clicking on my account********
17:14:44.941 [main] INFO  testCase.TC_01_Registration - ********Lauching URL********
17:14:45.110 [main] INFO  testCase.TC_01_Registration - *********Maximize window********
17:14:45.137 [main] INFO  testCase.TC_01_Registration - *********implicit applied********
17:14:45.285 [main] INFO  testCase.TC_01_Registration - *********application logs********
17:14:45.286 [main] INFO  testCase.TC_01_Registration - *********Clicking on my account********
09:53:19.015 [main] INFO  testCase.TC_01_Registration - ********Lauching URL********
09:53:19.248 [main] INFO  testCase.TC_01_Registration - *********Maximize window********
09:53:19.261 [main] INFO  testCase.TC_01_Registration - *********implicit applied********
09:53:19.737 [main] INFO  testCase.TC_01_Registration - *********application logs********
09:53:19.737 [main] INFO  testCase.TC_01_Registration - *********Clicking on my account********
09:57:02.719 [main] INFO  testCase.TC_01_Registration - ********Lauching URL********
09:57:02.948 [main] INFO  testCase.TC_01_Registration - *********Maximize window********
09:57:02.958 [main] INFO  testCase.TC_01_Registration - *********implicit applied********
09:57:03.039 [main] INFO  testCase.TC_01_Registration - *********application logs********
09:57:03.040 [main] INFO  testCase.TC_01_Registration - *********Clicking on my account********
11:30:17.441 [main] INFO  testCase.TC_01_Registration - ********Lauching URL********
11:30:17.675 [main] INFO  testCase.TC_01_Registration - *********Maximize window********
11:30:17.721 [main] INFO  testCase.TC_01_Registration - *********implicit applied********
11:30:17.956 [main] INFO  testCase.TC_01_Registration - *********application logs********
11:30:17.956 [main] INFO  testCase.TC_01_Registration - *********Clicking on my account********
12:47:54.494 [main] INFO  testCase.TC_01_Registration - ********Lauching URL********
12:47:54.700 [main] INFO  testCase.TC_01_Registration - *********Maximize window********
12:47:54.716 [main] INFO  testCase.TC_01_Registration - *********implicit applied********
12:47:54.955 [main] INFO  testCase.TC_01_Registration - *********application logs********
12:47:54.955 [main] INFO  testCase.TC_01_Registration - *********Clicking on my account********
14:33:56.622 [main] INFO  testCase.TC_01_Registration - ********Lauching URL********
14:33:56.857 [main] INFO  testCase.TC_01_Registration - *********Maximize window********
14:33:56.868 [main] INFO  testCase.TC_01_Registration - *********implicit applied********
14:33:57.243 [main] INFO  testCase.TC_01_Registration - *********application logs********
14:33:57.244 [main] INFO  testCase.TC_01_Registration - *********Clicking on my account********
15:21:20.863 [main] INFO  testCase.TC_01_Registration - ********Lauching URL********
15:21:21.014 [main] INFO  testCase.TC_01_Registration - *********Maximize window********
15:21:21.028 [main] INFO  testCase.TC_01_Registration - *********implicit applied********
15:21:21.183 [main] INFO  testCase.TC_01_Registration - *********application logs********
15:21:21.209 [main] INFO  testCase.TC_01_Registration - *********Clicking on my account********
16:27:29.336 [main] INFO  testCase.TC_01_Registration - ********Lauching URL********
16:27:29.491 [main] INFO  testCase.TC_01_Registration - *********Maximize window********
16:27:29.521 [main] INFO  testCase.TC_01_Registration - *********implicit applied********
16:27:29.640 [main] INFO  testCase.TC_01_Registration - *********application logs********
16:27:29.641 [main] INFO  testCase.TC_01_Registration - *********Clicking on my account********
